<?xml version="1.0" encoding="UTF-8"?>
<!-- Generated by org.testng.reporters.JUnitXMLReporter -->
<testsuite ignored="1" hostname="DELL-PC" failures="0" tests="1" name="Default test" time="0.087" errors="0" timestamp="2020-05-06T13:34:24 IST">
  <testcase classname="MavenTutorial.Maven.Selenium" name="BrowserLogin" time="0.017"/>
  <testcase classname="MavenTutorial.Maven.Selenium" name="BrowserValidation" time="0.0">
    <ignored/>
  </testcase> <!-- BrowserValidation -->
</testsuite> <!-- Default test -->
