<?xml version="1.0" encoding="UTF-8"?>
<!-- Generated by org.testng.reporters.JUnitXMLReporter -->
<testsuite ignored="0" hostname="DELL-PC" failures="0" tests="4" name="Test" time="0.076" errors="0" timestamp="2020-05-06T19:38:29 IST">
  <testcase classname="MavenTutorial.Maven.RestAPITest" name="APILogin" time="0.008"/>
  <testcase classname="MavenTutorial.Maven.RestAPITest" name="APIValidation" time="0.001"/>
  <testcase classname="MavenTutorial.Maven.AppiumTest" name="MobileLogin" time="0.001"/>
  <testcase classname="MavenTutorial.Maven.AppiumTest" name="MobileValidation" time="0.001"/>
</testsuite> <!-- Test -->
