<?xml version="1.0" encoding="UTF-8"?>
<testng-results ignored="0" total="4" passed="4" failed="0" skipped="0">
  <reporter-output>
  </reporter-output>
  <suite started-at="2020-05-06T19:38:29 IST" name="Suite" finished-at="2020-05-06T19:38:29 IST" duration-ms="76">
    <groups>
    </groups>
    <test started-at="2020-05-06T19:38:29 IST" name="Test" finished-at="2020-05-06T19:38:29 IST" duration-ms="76">
      <class name="MavenTutorial.Maven.AppiumTest">
        <test-method signature="MobileLogin()[pri:0, instance:MavenTutorial.Maven.AppiumTest@add0edd]" started-at="2020-05-06T19:38:29 IST" name="MobileLogin" finished-at="2020-05-06T19:38:29 IST" duration-ms="1" status="PASS">
          <reporter-output>
          </reporter-output>
        </test-method> <!-- MobileLogin -->
        <test-method signature="MobileValidation()[pri:0, instance:MavenTutorial.Maven.AppiumTest@add0edd]" started-at="2020-05-06T19:38:29 IST" name="MobileValidation" finished-at="2020-05-06T19:38:29 IST" duration-ms="1" status="PASS">
          <reporter-output>
          </reporter-output>
        </test-method> <!-- MobileValidation -->
      </class> <!-- MavenTutorial.Maven.AppiumTest -->
      <class name="MavenTutorial.Maven.RestAPITest">
        <test-method signature="APILogin()[pri:0, instance:MavenTutorial.Maven.RestAPITest@7ff95560]" started-at="2020-05-06T19:38:29 IST" name="APILogin" finished-at="2020-05-06T19:38:29 IST" duration-ms="8" status="PASS">
          <reporter-output>
          </reporter-output>
        </test-method> <!-- APILogin -->
        <test-method signature="APIValidation()[pri:0, instance:MavenTutorial.Maven.RestAPITest@7ff95560]" started-at="2020-05-06T19:38:29 IST" name="APIValidation" finished-at="2020-05-06T19:38:29 IST" duration-ms="1" status="PASS">
          <reporter-output>
          </reporter-output>
        </test-method> <!-- APIValidation -->
      </class> <!-- MavenTutorial.Maven.RestAPITest -->
    </test> <!-- Test -->
  </suite> <!-- Suite -->
</testng-results>
